0 info it worked if it ends with ok
1 verbose cli [ 'node', '/usr/local/bin/npm', 'publish' ]
2 info using npm@1.3.15
3 info using node@v0.10.22
4 verbose publish [ '.' ]
5 verbose cache add [ '.', null ]
6 verbose cache add name=undefined spec="." args=[".",null]
7 verbose parsed url { protocol: null,
7 verbose parsed url   slashes: null,
7 verbose parsed url   auth: null,
7 verbose parsed url   host: null,
7 verbose parsed url   port: null,
7 verbose parsed url   hostname: null,
7 verbose parsed url   hash: null,
7 verbose parsed url   search: null,
7 verbose parsed url   query: null,
7 verbose parsed url   pathname: '.',
7 verbose parsed url   path: '.',
7 verbose parsed url   href: '.' }
8 silly lockFile 3a52ce78- .
9 verbose lock . /Users/koren/.npm/3a52ce78-.lock
10 verbose tar pack [ '/var/folders/q2/fsllwngd7gq2pbq3jvtk76q40000gn/T/npm-91770-hgsNm8-9/1396213495332-0.778280662605539/tmp.tgz',
10 verbose tar pack   '.' ]
11 verbose tarball /var/folders/q2/fsllwngd7gq2pbq3jvtk76q40000gn/T/npm-91770-hgsNm8-9/1396213495332-0.778280662605539/tmp.tgz
12 verbose folder .
13 info prepublish queryString@0.0.1
14 silly lockFile 1f1177db-tar tar://.
15 verbose lock tar://. /Users/koren/.npm/1f1177db-tar.lock
16 silly lockFile 8a41b5b5-495332-0-778280662605539-tmp-tgz tar:///var/folders/q2/fsllwngd7gq2pbq3jvtk76q40000gn/T/npm-91770-hgsNm8-9/1396213495332-0.778280662605539/tmp.tgz
17 verbose lock tar:///var/folders/q2/fsllwngd7gq2pbq3jvtk76q40000gn/T/npm-91770-hgsNm8-9/1396213495332-0.778280662605539/tmp.tgz /Users/koren/.npm/8a41b5b5-495332-0-778280662605539-tmp-tgz.lock
18 silly lockFile 1f1177db-tar tar://.
19 silly lockFile 1f1177db-tar tar://.
20 silly lockFile 8a41b5b5-495332-0-778280662605539-tmp-tgz tar:///var/folders/q2/fsllwngd7gq2pbq3jvtk76q40000gn/T/npm-91770-hgsNm8-9/1396213495332-0.778280662605539/tmp.tgz
21 silly lockFile 8a41b5b5-495332-0-778280662605539-tmp-tgz tar:///var/folders/q2/fsllwngd7gq2pbq3jvtk76q40000gn/T/npm-91770-hgsNm8-9/1396213495332-0.778280662605539/tmp.tgz
22 verbose tar unpack /var/folders/q2/fsllwngd7gq2pbq3jvtk76q40000gn/T/npm-91770-hgsNm8-9/1396213495332-0.778280662605539/tmp.tgz
23 silly lockFile e2c1c38c-495332-0-778280662605539-package tar:///var/folders/q2/fsllwngd7gq2pbq3jvtk76q40000gn/T/npm-91770-hgsNm8-9/1396213495332-0.778280662605539/package
24 verbose lock tar:///var/folders/q2/fsllwngd7gq2pbq3jvtk76q40000gn/T/npm-91770-hgsNm8-9/1396213495332-0.778280662605539/package /Users/koren/.npm/e2c1c38c-495332-0-778280662605539-package.lock
25 silly lockFile 8a41b5b5-495332-0-778280662605539-tmp-tgz tar:///var/folders/q2/fsllwngd7gq2pbq3jvtk76q40000gn/T/npm-91770-hgsNm8-9/1396213495332-0.778280662605539/tmp.tgz
26 verbose lock tar:///var/folders/q2/fsllwngd7gq2pbq3jvtk76q40000gn/T/npm-91770-hgsNm8-9/1396213495332-0.778280662605539/tmp.tgz /Users/koren/.npm/8a41b5b5-495332-0-778280662605539-tmp-tgz.lock
27 silly gunzTarPerm modes [ '755', '644' ]
28 silly gunzTarPerm extractEntry package.json
29 silly gunzTarPerm extractEntry index.js
30 silly gunzTarPerm extractEntry test.js
31 silly gunzTarPerm extractEntry Makefile
32 silly lockFile e2c1c38c-495332-0-778280662605539-package tar:///var/folders/q2/fsllwngd7gq2pbq3jvtk76q40000gn/T/npm-91770-hgsNm8-9/1396213495332-0.778280662605539/package
33 silly lockFile e2c1c38c-495332-0-778280662605539-package tar:///var/folders/q2/fsllwngd7gq2pbq3jvtk76q40000gn/T/npm-91770-hgsNm8-9/1396213495332-0.778280662605539/package
34 silly lockFile 8a41b5b5-495332-0-778280662605539-tmp-tgz tar:///var/folders/q2/fsllwngd7gq2pbq3jvtk76q40000gn/T/npm-91770-hgsNm8-9/1396213495332-0.778280662605539/tmp.tgz
35 silly lockFile 8a41b5b5-495332-0-778280662605539-tmp-tgz tar:///var/folders/q2/fsllwngd7gq2pbq3jvtk76q40000gn/T/npm-91770-hgsNm8-9/1396213495332-0.778280662605539/tmp.tgz
36 verbose tar pack [ '/Users/koren/.npm/queryString/0.0.1/package.tgz',
36 verbose tar pack   '/var/folders/q2/fsllwngd7gq2pbq3jvtk76q40000gn/T/npm-91770-hgsNm8-9/1396213495332-0.778280662605539/package' ]
37 verbose tarball /Users/koren/.npm/queryString/0.0.1/package.tgz
38 verbose folder /var/folders/q2/fsllwngd7gq2pbq3jvtk76q40000gn/T/npm-91770-hgsNm8-9/1396213495332-0.778280662605539/package
39 silly lockFile e2c1c38c-495332-0-778280662605539-package tar:///var/folders/q2/fsllwngd7gq2pbq3jvtk76q40000gn/T/npm-91770-hgsNm8-9/1396213495332-0.778280662605539/package
40 verbose lock tar:///var/folders/q2/fsllwngd7gq2pbq3jvtk76q40000gn/T/npm-91770-hgsNm8-9/1396213495332-0.778280662605539/package /Users/koren/.npm/e2c1c38c-495332-0-778280662605539-package.lock
41 silly lockFile b8ac395d-pm-queryString-0-0-1-package-tgz tar:///Users/koren/.npm/queryString/0.0.1/package.tgz
42 verbose lock tar:///Users/koren/.npm/queryString/0.0.1/package.tgz /Users/koren/.npm/b8ac395d-pm-queryString-0-0-1-package-tgz.lock
43 silly lockFile e2c1c38c-495332-0-778280662605539-package tar:///var/folders/q2/fsllwngd7gq2pbq3jvtk76q40000gn/T/npm-91770-hgsNm8-9/1396213495332-0.778280662605539/package
44 silly lockFile e2c1c38c-495332-0-778280662605539-package tar:///var/folders/q2/fsllwngd7gq2pbq3jvtk76q40000gn/T/npm-91770-hgsNm8-9/1396213495332-0.778280662605539/package
45 silly lockFile b8ac395d-pm-queryString-0-0-1-package-tgz tar:///Users/koren/.npm/queryString/0.0.1/package.tgz
46 silly lockFile b8ac395d-pm-queryString-0-0-1-package-tgz tar:///Users/koren/.npm/queryString/0.0.1/package.tgz
47 silly lockFile 528be64e-en-npm-queryString-0-0-1-package /Users/koren/.npm/queryString/0.0.1/package
48 verbose lock /Users/koren/.npm/queryString/0.0.1/package /Users/koren/.npm/528be64e-en-npm-queryString-0-0-1-package.lock
49 silly lockFile 528be64e-en-npm-queryString-0-0-1-package /Users/koren/.npm/queryString/0.0.1/package
50 silly lockFile 528be64e-en-npm-queryString-0-0-1-package /Users/koren/.npm/queryString/0.0.1/package
51 verbose tar unpack /Users/koren/.npm/queryString/0.0.1/package.tgz
52 silly lockFile 945706dc-en-npm-queryString-0-0-1-package tar:///Users/koren/.npm/queryString/0.0.1/package
53 verbose lock tar:///Users/koren/.npm/queryString/0.0.1/package /Users/koren/.npm/945706dc-en-npm-queryString-0-0-1-package.lock
54 silly lockFile b8ac395d-pm-queryString-0-0-1-package-tgz tar:///Users/koren/.npm/queryString/0.0.1/package.tgz
55 verbose lock tar:///Users/koren/.npm/queryString/0.0.1/package.tgz /Users/koren/.npm/b8ac395d-pm-queryString-0-0-1-package-tgz.lock
56 silly gunzTarPerm modes [ '755', '644' ]
57 silly gunzTarPerm extractEntry package.json
58 silly gunzTarPerm extractEntry index.js
59 silly gunzTarPerm extractEntry test.js
60 silly gunzTarPerm extractEntry Makefile
61 silly lockFile 945706dc-en-npm-queryString-0-0-1-package tar:///Users/koren/.npm/queryString/0.0.1/package
62 silly lockFile 945706dc-en-npm-queryString-0-0-1-package tar:///Users/koren/.npm/queryString/0.0.1/package
63 silly lockFile b8ac395d-pm-queryString-0-0-1-package-tgz tar:///Users/koren/.npm/queryString/0.0.1/package.tgz
64 silly lockFile b8ac395d-pm-queryString-0-0-1-package-tgz tar:///Users/koren/.npm/queryString/0.0.1/package.tgz
65 verbose chmod /Users/koren/.npm/queryString/0.0.1/package.tgz 644
66 verbose chown /Users/koren/.npm/queryString/0.0.1/package.tgz [ 501, 20 ]
67 silly lockFile 3a52ce78- .
68 silly lockFile 3a52ce78- .
69 silly publish { name: 'queryString',
69 silly publish   version: '0.0.1',
69 silly publish   description: 'Provides methods for converting an object into string representation, and vice versa.',
69 silly publish   scripts: { test: 'make test' },
69 silly publish   devDependencies: { mocha: '1.17.1' },
69 silly publish   author: '',
69 silly publish   license: 'MIT',
69 silly publish   dependencies: { 'better-assert': '~1.0.0' },
69 silly publish   readme: 'ERROR: No README data found!',
69 silly publish   _id: 'queryString@0.0.1',
69 silly publish   dist: { shasum: 'bea69a207a32bd05e3322f8c6f8c0cdce5c46142' },
69 silly publish   _from: '.' }
70 verbose url raw queryString
71 verbose url resolving [ 'https://registry.npmjs.org/', './queryString' ]
72 verbose url resolved https://registry.npmjs.org/queryString
73 info trying registry request attempt 1 at 17:04:55
74 http PUT https://registry.npmjs.org/queryString
75 http 403 https://registry.npmjs.org/queryString
76 info trying registry request attempt 1 at 17:04:56
77 http PUT https://registry.npmjs.org/queryString
78 http 403 https://registry.npmjs.org/queryString
79 error publish Failed PUT response 403
80 error Error: forbidden New packages must have all-lowercase names: queryString
80 error     at RegClient.<anonymous> (/usr/local/lib/node_modules/npm/node_modules/npm-registry-client/lib/request.js:272:14)
80 error     at Request.self.callback (/usr/local/lib/node_modules/npm/node_modules/request/request.js:129:22)
80 error     at Request.EventEmitter.emit (events.js:98:17)
80 error     at Request.<anonymous> (/usr/local/lib/node_modules/npm/node_modules/request/request.js:873:14)
80 error     at Request.EventEmitter.emit (events.js:117:20)
80 error     at IncomingMessage.<anonymous> (/usr/local/lib/node_modules/npm/node_modules/request/request.js:824:12)
80 error     at IncomingMessage.EventEmitter.emit (events.js:117:20)
80 error     at _stream_readable.js:920:16
80 error     at process._tickCallback (node.js:415:13)
81 error If you need help, you may report this *entire* log,
81 error including the npm and node versions, at:
81 error     <http://github.com/isaacs/npm/issues>
82 error System Darwin 12.5.0
83 error command "node" "/usr/local/bin/npm" "publish"
84 error cwd /Users/koren/6.s194/querystring
85 error node -v v0.10.22
86 error npm -v 1.3.15
87 verbose exit [ 1, true ]
